<?xml version="1.0" encoding="UTF-8"?>
<!-- Generated by org.testng.reporters.JUnitReportReporter -->
<testsuite hostname="DESKTOP-42TR4SE" failures="0" tests="1" name="LoginFunctions.AddEmployeedetails" time="53.636" errors="0" timestamp="2023-01-02T09:03:28 GMT" skipped="0">
  <testcase classname="LoginFunctions.AddEmployeedetails" name="add_employee" time="53.636"/>
  <system-out/>
</testsuite> <!-- LoginFunctions.AddEmployeedetails -->
