<?xml version="1.0" encoding="UTF-8"?>
<!-- Generated by org.testng.reporters.JUnitReportReporter -->
<testsuite hostname="DESKTOP-42TR4SE" failures="0" tests="1" name="LoginFunctions.DeleteDetails" time="42.579" errors="0" timestamp="2023-01-02T09:24:36 GMT" skipped="0">
  <testcase classname="LoginFunctions.DeleteDetails" name="delete_details" time="42.579"/>
  <system-out/>
</testsuite> <!-- LoginFunctions.DeleteDetails -->
