<?xml version="1.0" encoding="UTF-8"?>
<!-- Generated by org.testng.reporters.JUnitReportReporter -->
<testsuite hostname="DESKTOP-42TR4SE" failures="0" tests="1" name="LoginFunctions.LoginPage" time="42.354" errors="0" timestamp="2023-01-01T09:08:56 GMT" skipped="0">
  <testcase classname="LoginFunctions.LoginPage" name="loginfunction" time="42.354"/>
  <system-out/>
</testsuite> <!-- LoginFunctions.LoginPage -->
