<?xml version="1.0" encoding="UTF-8"?>
<!-- Generated by org.testng.reporters.JUnitReportReporter -->
<testsuite hostname="DESKTOP-42TR4SE" failures="0" tests="1" name="LoginFunctions.InvalidLoginPage" time="93.650" errors="0" timestamp="2023-01-01T09:21:18 GMT" skipped="0">
  <testcase classname="LoginFunctions.InvalidLoginPage" name="invalidlogin" time="93.650"/>
  <system-out/>
</testsuite> <!-- LoginFunctions.InvalidLoginPage -->
